Mono path[0] = '/home/quatih/.local/share/Steam/steamapps/common/Backpack Hero/linux_Data/Managed'
Mono config path = '/home/quatih/.local/share/Steam/steamapps/common/Backpack Hero/linux_Data/MonoBleedingEdge/etc'
Preloaded 'lib_burst_generated.so'
Preloaded 'libsteam_api.so'
Display 0 'DP-3 24"': 2560x1440 (primary device).
Display 1 'HDMI-A-1 24"': 1920x1200 (secondary device).
Desktop is 1920 x 1200 @ 60 Hz
Initialize engine version: 2021.3.22f1 (b6c551784ba3)
[Subsystems] Discovering subsystems at path /home/quatih/.local/share/Steam/steamapps/common/Backpack Hero/linux_Data/UnitySubsystems
GfxDevice: creating device client; threaded=1; jobified=0
Renderer: AMD Radeon RX 6700 XT (navi22, LLVM 15.0.7, DRM 3.49, 6.1.29-hardened1-1-hardened)
Vendor:   AMD
Version:  4.6 (Core Profile) Mesa 23.0.3
GLES:     0
 GL_AMD_conservative_depth GL_AMD_depth_clamp_separate GL_AMD_draw_buffers_blend GL_AMD_framebuffer_multisample_advanced GL_AMD_gpu_shader_int64 GL_AMD_multi_draw_indirect GL_AMD_performance_monitor GL_AMD_pinned_memory GL_AMD_query_buffer_object GL_AMD_seamless_cubemap_per_texture GL_AMD_shader_stencil_export GL_AMD_shader_trinary_minmax GL_AMD_texture_texture4 GL_AMD_vertex_shader_layer GL_AMD_vertex_shader_viewport_index GL_ANGLE_texture_compression_dxt3 GL_ANGLE_texture_compression_dxt5 GL_ARB_ES2_compatibility GL_ARB_ES3_1_compatibility GL_ARB_ES3_2_compatibility GL_ARB_ES3_compatibility GL_ARB_arrays_of_arrays GL_ARB_base_instance GL_ARB_bindless_texture GL_ARB_blend_func_extended GL_ARB_buffer_storage GL_ARB_clear_buffer_object GL_ARB_clear_texture GL_ARB_clip_control GL_ARB_color_buffer_float GL_ARB_compressed_texture_pixel_storage GL_ARB_compute_shader GL_ARB_compute_variable_group_size GL_ARB_conditional_render_inverted GL_ARB_conservative_depth GL_ARB_copy_buffer GL_ARB_copy_image GL_ARB_cull_dist
ance GL_ARB_debug_output GL_ARB_depth_buffer_float GL_ARB_depth_clamp GL_ARB_derivative_control GL_ARB_direct_state_access GL_ARB_draw_buffers GL_ARB_draw_buffers_blend GL_ARB_draw_elements_base_vertex GL_ARB_draw_indirect GL_ARB_draw_instanced GL_ARB_enhanced_layouts GL_ARB_explicit_attrib_location GL_ARB_explicit_uniform_location GL_ARB_fragment_coord_conventions GL_ARB_fragment_layer_viewport GL_ARB_fragment_shader GL_ARB_framebuffer_no_attachments GL_ARB_framebuffer_object GL_ARB_framebuffer_sRGB GL_ARB_get_program_binary GL_ARB_get_texture_sub_image GL_ARB_gl_spirv GL_ARB_gpu_shader5 GL_ARB_gpu_shader_fp64 GL_ARB_gpu_shader_int64 GL_ARB_half_float_pixel GL_ARB_half_float_vertex GL_ARB_indirect_parameters GL_ARB_instanced_arrays GL_ARB_internalformat_query GL_ARB_internalformat_query2 GL_ARB_invalidate_subdata GL_ARB_map_buffer_alignment GL_ARB_map_buffer_range GL_ARB_multi_bind GL_ARB_multi_draw_indirect GL_ARB_occlusion_query2 GL_ARB_parallel_shader_compile GL_ARB_pipeline_statistics_query GL_ARB_pixel
_buffer_object GL_ARB_point_sprite GL_ARB_polygon_offset_clamp GL_ARB_post_depth_coverage GL_ARB_program_interface_query GL_ARB_provoking_vertex GL_ARB_query_buffer_object GL_ARB_robust_buffer_access_behavior GL_ARB_robustness GL_ARB_sample_shading GL_ARB_sampler_objects GL_ARB_seamless_cube_map GL_ARB_seamless_cubemap_per_texture GL_ARB_separate_shader_objects GL_ARB_shader_atomic_counter_ops GL_ARB_shader_atomic_counters GL_ARB_shader_ballot GL_ARB_shader_bit_encoding GL_ARB_shader_clock GL_ARB_shader_draw_parameters GL_ARB_shader_group_vote GL_ARB_shader_image_load_store GL_ARB_shader_image_size GL_ARB_shader_objects GL_ARB_shader_precision GL_ARB_shader_stencil_export GL_ARB_shader_storage_buffer_object GL_ARB_shader_subroutine GL_ARB_shader_texture_image_samples GL_ARB_shader_texture_lod GL_ARB_shader_viewport_layer_array GL_ARB_shading_language_420pack GL_ARB_shading_language_include GL_ARB_shading_language_packing GL_ARB_sparse_buffer GL_ARB_sparse_texture GL_ARB_sparse_texture2 GL_ARB_sparse_texture_
clamp GL_ARB_spirv_extensions GL_ARB_stencil_texturing GL_ARB_sync GL_ARB_tessellation_shader GL_ARB_texture_barrier GL_ARB_texture_buffer_object GL_ARB_texture_buffer_object_rgb32 GL_ARB_texture_buffer_range GL_ARB_texture_compression_bptc GL_ARB_texture_compression_rgtc GL_ARB_texture_cube_map_array GL_ARB_texture_filter_anisotropic GL_ARB_texture_float GL_ARB_texture_gather GL_ARB_texture_mirror_clamp_to_edge GL_ARB_texture_multisample GL_ARB_texture_non_power_of_two GL_ARB_texture_query_levels GL_ARB_texture_query_lod GL_ARB_texture_rectangle GL_ARB_texture_rg GL_ARB_texture_rgb10_a2ui GL_ARB_texture_stencil8 GL_ARB_texture_storage GL_ARB_texture_storage_multisample GL_ARB_texture_swizzle GL_ARB_texture_view GL_ARB_timer_query GL_ARB_transform_feedback2 GL_ARB_transform_feedback3 GL_ARB_transform_feedback_instanced GL_ARB_transform_feedback_overflow_query GL_ARB_uniform_buffer_object GL_ARB_vertex_array_bgra GL_ARB_vertex_array_object GL_ARB_vertex_attrib_64bit GL_ARB_vertex_attrib_binding GL_ARB_vertex_
buffer_object GL_ARB_vertex_shader GL_ARB_vertex_type_10f_11f_11f_rev GL_ARB_vertex_type_2_10_10_10_rev GL_ARB_viewport_array GL_ATI_blend_equation_separate GL_ATI_meminfo GL_ATI_texture_float GL_ATI_texture_mirror_once GL_EXT_EGL_image_storage GL_EXT_EGL_sync GL_EXT_abgr GL_EXT_blend_equation_separate GL_EXT_debug_label GL_EXT_demote_to_helper_invocation GL_EXT_depth_bounds_test GL_EXT_draw_buffers2 GL_EXT_draw_instanced GL_EXT_framebuffer_blit GL_EXT_framebuffer_multisample GL_EXT_framebuffer_multisample_blit_scaled GL_EXT_framebuffer_object GL_EXT_framebuffer_sRGB GL_EXT_memory_object GL_EXT_memory_object_fd GL_EXT_packed_depth_stencil GL_EXT_packed_float GL_EXT_pixel_buffer_object GL_EXT_polygon_offset_clamp GL_EXT_provoking_vertex GL_EXT_semaphore GL_EXT_semaphore_fd GL_EXT_shader_image_load_formatted GL_EXT_shader_image_load_store GL_EXT_shader_integer_mix GL_EXT_shader_samples_identical GL_EXT_texture_array GL_EXT_texture_compression_dxt1 GL_EXT_texture_compression_rgtc GL_EXT_texture_compression_s3tc
 GL_EXT_texture_filter_anisotropic GL_EXT_texture_integer GL_EXT_texture_mirror_clamp GL_EXT_texture_sRGB GL_EXT_texture_sRGB_R8 GL_EXT_texture_sRGB_RG8 GL_EXT_texture_sRGB_decode GL_EXT_texture_shadow_lod GL_EXT_texture_shared_exponent GL_EXT_texture_snorm GL_EXT_texture_swizzle GL_EXT_timer_query GL_EXT_transform_feedback GL_EXT_vertex_array_bgra GL_EXT_vertex_attrib_64bit GL_EXT_window_rectangles GL_IBM_multimode_draw_arrays GL_INTEL_blackhole_render GL_KHR_blend_equation_advanced GL_KHR_context_flush_control GL_KHR_debug GL_KHR_no_error GL_KHR_parallel_shader_compile GL_KHR_robust_buffer_access_behavior GL_KHR_robustness GL_KHR_texture_compression_astc_ldr GL_KHR_texture_compression_astc_sliced_3d GL_MESA_framebuffer_flip_y GL_MESA_pack_invert GL_MESA_shader_integer_functions GL_MESA_texture_signed_rgba GL_NVX_gpu_memory_info GL_NV_alpha_to_coverage_dither_control GL_NV_compute_shader_derivatives GL_NV_conditional_render GL_NV_copy_image GL_NV_depth_clamp GL_NV_packed_depth_stencil GL_NV_shader_atomic_in
t64 GL_NV_texture_barrier GL_NV_vdpau_interop GL_OES_EGL_image GL_S3_s3tc
OPENGL LOG: Creating OpenGL 4.6 graphics device ; Context level  <OpenGL 4.5> ; Context handle 59548144
Begin MonoManager ReloadAssembly
Symbol file /home/quatih/.local/share/Steam/steamapps/common/Backpack Hero/linux_Data/Managed/UnityEngine.pdb doesn't match image /home/quatih/.local/share/Steam/steamapps/common/Backpack Hero/linux_Data/Managed/UnityEngine.dll
Symbol file /home/quatih/.local/share/Steam/steamapps/common/Backpack Hero/linux_Data/Managed/UnityEngine.AIModule.pdb doesn't match image /home/quatih/.local/share/Steam/steamapps/common/Backpack Hero/linux_Data/Managed/UnityEngine.AIModule.dll
Symbol file /home/quatih/.local/share/Steam/steamapps/common/Backpack Hero/linux_Data/Managed/UnityEngine.AccessibilityModule.pdb doesn't match image /home/quatih/.local/share/Steam/steamapps/common/Backpack Hero/linux_Data/Managed/UnityEngine.AccessibilityModule.dll
Symbol file /home/quatih/.local/share/Steam/steamapps/common/Backpack Hero/linux_Data/Managed/UnityEngine.AndroidJNIModule.pdb doesn't match image /home/quatih/.local/share/Steam/steamapps/common/Backpack Hero/linux_Data/Managed/UnityEngine.AndroidJNIModule.dll
Symbol file /home/quatih/.local/share/Steam/steamapps/common/Backpack Hero/linux_Data/Managed/UnityEngine.AnimationModule.pdb doesn't match image /home/quatih/.local/share/Steam/steamapps/common/Backpack Hero/linux_Data/Managed/UnityEngine.AnimationModule.dll
Symbol file /home/quatih/.local/share/Steam/steamapps/common/Backpack Hero/linux_Data/Managed/UnityEngine.AssetBundleModule.pdb doesn't match image /home/quatih/.local/share/Steam/steamapps/common/Backpack Hero/linux_Data/Managed/UnityEngine.AssetBundleModule.dll
Symbol file /home/quatih/.local/share/Steam/steamapps/common/Backpack Hero/linux_Data/Managed/UnityEngine.AudioModule.pdb doesn't match image /home/quatih/.local/share/Steam/steamapps/common/Backpack Hero/linux_Data/Managed/UnityEngine.AudioModule.dll
Symbol file /home/quatih/.local/share/Steam/steamapps/common/Backpack Hero/linux_Data/Managed/UnityEngine.ClothModule.pdb doesn't match image /home/quatih/.local/share/Steam/steamapps/common/Backpack Hero/linux_Data/Managed/UnityEngine.ClothModule.dll
Symbol file /home/quatih/.local/share/Steam/steamapps/common/Backpack Hero/linux_Data/Managed/UnityEngine.ClusterInputModule.pdb doesn't match image /home/quatih/.local/share/Steam/steamapps/common/Backpack Hero/linux_Data/Managed/UnityEngine.ClusterInputModule.dll
Symbol file /home/quatih/.local/share/Steam/steamapps/common/Backpack Hero/linux_Data/Managed/UnityEngine.ClusterRendererModule.pdb doesn't match image /home/quatih/.local/share/Steam/steamapps/common/Backpack Hero/linux_Data/Managed/UnityEngine.ClusterRendererModule.dll
Symbol file /home/quatih/.local/share/Steam/steamapps/common/Backpack Hero/linux_Data/Managed/UnityEngine.CoreModule.pdb doesn't match image /home/quatih/.local/share/Steam/steamapps/common/Backpack Hero/linux_Data/Managed/UnityEngine.CoreModule.dll
Symbol file /home/quatih/.local/share/Steam/steamapps/common/Backpack Hero/linux_Data/Managed/UnityEngine.CrashReportingModule.pdb doesn't match image /home/quatih/.local/share/Steam/steamapps/common/Backpack Hero/linux_Data/Managed/UnityEngine.CrashReportingModule.dll
Symbol file /home/quatih/.local/share/Steam/steamapps/common/Backpack Hero/linux_Data/Managed/UnityEngine.DSPGraphModule.pdb doesn't match image /home/quatih/.local/share/Steam/steamapps/common/Backpack Hero/linux_Data/Managed/UnityEngine.DSPGraphModule.dll
Symbol file /home/quatih/.local/share/Steam/steamapps/common/Backpack Hero/linux_Data/Managed/UnityEngine.DirectorModule.pdb doesn't match image /home/quatih/.local/share/Steam/steamapps/common/Backpack Hero/linux_Data/Managed/UnityEngine.DirectorModule.dll
Symbol file /home/quatih/.local/share/Steam/steamapps/common/Backpack Hero/linux_Data/Managed/UnityEngine.GIModule.pdb doesn't match image /home/quatih/.local/share/Steam/steamapps/common/Backpack Hero/linux_Data/Managed/UnityEngine.GIModule.dll
Symbol file /home/quatih/.local/share/Steam/steamapps/common/Backpack Hero/linux_Data/Managed/UnityEngine.GameCenterModule.pdb doesn't match image /home/quatih/.local/share/Steam/steamapps/common/Backpack Hero/linux_Data/Managed/UnityEngine.GameCenterModule.dll
Symbol file /home/quatih/.local/share/Steam/steamapps/common/Backpack Hero/linux_Data/Managed/UnityEngine.GridModule.pdb doesn't match image /home/quatih/.local/share/Steam/steamapps/common/Backpack Hero/linux_Data/Managed/UnityEngine.GridModule.dll
Symbol file /home/quatih/.local/share/Steam/steamapps/common/Backpack Hero/linux_Data/Managed/UnityEngine.HotReloadModule.pdb doesn't match image /home/quatih/.local/share/Steam/steamapps/common/Backpack Hero/linux_Data/Managed/UnityEngine.HotReloadModule.dll
Symbol file /home/quatih/.local/share/Steam/steamapps/common/Backpack Hero/linux_Data/Managed/UnityEngine.IMGUIModule.pdb doesn't match image /home/quatih/.local/share/Steam/steamapps/common/Backpack Hero/linux_Data/Managed/UnityEngine.IMGUIModule.dll
Symbol file /home/quatih/.local/share/Steam/steamapps/common/Backpack Hero/linux_Data/Managed/UnityEngine.ImageConversionModule.pdb doesn't match image /home/quatih/.local/share/Steam/steamapps/common/Backpack Hero/linux_Data/Managed/UnityEngine.ImageConversionModule.dll
Symbol file /home/quatih/.local/share/Steam/steamapps/common/Backpack Hero/linux_Data/Managed/UnityEngine.InputModule.pdb doesn't match image /home/quatih/.local/share/Steam/steamapps/common/Backpack Hero/linux_Data/Managed/UnityEngine.InputModule.dll
Symbol file /home/quatih/.local/share/Steam/steamapps/common/Backpack Hero/linux_Data/Managed/UnityEngine.InputLegacyModule.pdb doesn't match image /home/quatih/.local/share/Steam/steamapps/common/Backpack Hero/linux_Data/Managed/UnityEngine.InputLegacyModule.dll
Symbol file /home/quatih/.local/share/Steam/steamapps/common/Backpack Hero/linux_Data/Managed/UnityEngine.JSONSerializeModule.pdb doesn't match image /home/quatih/.local/share/Steam/steamapps/common/Backpack Hero/linux_Data/Managed/UnityEngine.JSONSerializeModule.dll
Symbol file /home/quatih/.local/share/Steam/steamapps/common/Backpack Hero/linux_Data/Managed/UnityEngine.LocalizationModule.pdb doesn't match image /home/quatih/.local/share/Steam/steamapps/common/Backpack Hero/linux_Data/Managed/UnityEngine.LocalizationModule.dll
Symbol file /home/quatih/.local/share/Steam/steamapps/common/Backpack Hero/linux_Data/Managed/UnityEngine.ParticleSystemModule.pdb doesn't match image /home/quatih/.local/share/Steam/steamapps/common/Backpack Hero/linux_Data/Managed/UnityEngine.ParticleSystemModule.dll
Symbol file /home/quatih/.local/share/Steam/steamapps/common/Backpack Hero/linux_Data/Managed/UnityEngine.PerformanceReportingModule.pdb doesn't match image /home/quatih/.local/share/Steam/steamapps/common/Backpack Hero/linux_Data/Managed/UnityEngine.PerformanceReportingModule.dll
Symbol file /home/quatih/.local/share/Steam/steamapps/common/Backpack Hero/linux_Data/Managed/UnityEngine.PhysicsModule.pdb doesn't match image /home/quatih/.local/share/Steam/steamapps/common/Backpack Hero/linux_Data/Managed/UnityEngine.PhysicsModule.dll
Symbol file /home/quatih/.local/share/Steam/steamapps/common/Backpack Hero/linux_Data/Managed/UnityEngine.Physics2DModule.pdb doesn't match image /home/quatih/.local/share/Steam/steamapps/common/Backpack Hero/linux_Data/Managed/UnityEngine.Physics2DModule.dll
Symbol file /home/quatih/.local/share/Steam/steamapps/common/Backpack Hero/linux_Data/Managed/UnityEngine.ProfilerModule.pdb doesn't match image /home/quatih/.local/share/Steam/steamapps/common/Backpack Hero/linux_Data/Managed/UnityEngine.ProfilerModule.dll
Symbol file /home/quatih/.local/share/Steam/steamapps/common/Backpack Hero/linux_Data/Managed/UnityEngine.RuntimeInitializeOnLoadManagerInitializerModule.pdb doesn't match image /home/quatih/.local/share/Steam/steamapps/common/Backpack Hero/linux_Data/Managed/UnityEngine.RuntimeInitializeOnLoadManagerInitializerModule.dll
Symbol file /home/quatih/.local/share/Steam/steamapps/common/Backpack Hero/linux_Data/Managed/UnityEngine.ScreenCaptureModule.pdb doesn't match image /home/quatih/.local/share/Steam/steamapps/common/Backpack Hero/linux_Data/Managed/UnityEngine.ScreenCaptureModule.dll
Symbol file /home/quatih/.local/share/Steam/steamapps/common/Backpack Hero/linux_Data/Managed/UnityEngine.SpriteMaskModule.pdb doesn't match image /home/quatih/.local/share/Steam/steamapps/common/Backpack Hero/linux_Data/Managed/UnityEngine.SpriteMaskModule.dll
Symbol file /home/quatih/.local/share/Steam/steamapps/common/Backpack Hero/linux_Data/Managed/UnityEngine.SpriteShapeModule.pdb doesn't match image /home/quatih/.local/share/Steam/steamapps/common/Backpack Hero/linux_Data/Managed/UnityEngine.SpriteShapeModule.dll
Symbol file /home/quatih/.local/share/Steam/steamapps/common/Backpack Hero/linux_Data/Managed/UnityEngine.StreamingModule.pdb doesn't match image /home/quatih/.local/share/Steam/steamapps/common/Backpack Hero/linux_Data/Managed/UnityEngine.StreamingModule.dll
Symbol file /home/quatih/.local/share/Steam/steamapps/common/Backpack Hero/linux_Data/Managed/UnityEngine.SubstanceModule.pdb doesn't match image /home/quatih/.local/share/Steam/steamapps/common/Backpack Hero/linux_Data/Managed/UnityEngine.SubstanceModule.dll
Symbol file /home/quatih/.local/share/Steam/steamapps/common/Backpack Hero/linux_Data/Managed/UnityEngine.SubsystemsModule.pdb doesn't match image /home/quatih/.local/share/Steam/steamapps/common/Backpack Hero/linux_Data/Managed/UnityEngine.SubsystemsModule.dll
Symbol file /home/quatih/.local/share/Steam/steamapps/common/Backpack Hero/linux_Data/Managed/UnityEngine.TLSModule.pdb doesn't match image /home/quatih/.local/share/Steam/steamapps/common/Backpack Hero/linux_Data/Managed/UnityEngine.TLSModule.dll
Symbol file /home/quatih/.local/share/Steam/steamapps/common/Backpack Hero/linux_Data/Managed/UnityEngine.TerrainModule.pdb doesn't match image /home/quatih/.local/share/Steam/steamapps/common/Backpack Hero/linux_Data/Managed/UnityEngine.TerrainModule.dll
Symbol file /home/quatih/.local/share/Steam/steamapps/common/Backpack Hero/linux_Data/Managed/UnityEngine.TerrainPhysicsModule.pdb doesn't match image /home/quatih/.local/share/Steam/steamapps/common/Backpack Hero/linux_Data/Managed/UnityEngine.TerrainPhysicsModule.dll
Symbol file /home/quatih/.local/share/Steam/steamapps/common/Backpack Hero/linux_Data/Managed/UnityEngine.TextCoreFontEngineModule.pdb doesn't match image /home/quatih/.local/share/Steam/steamapps/common/Backpack Hero/linux_Data/Managed/UnityEngine.TextCoreFontEngineModule.dll
Symbol file /home/quatih/.local/share/Steam/steamapps/common/Backpack Hero/linux_Data/Managed/UnityEngine.TextCoreTextEngineModule.pdb doesn't match image /home/quatih/.local/share/Steam/steamapps/common/Backpack Hero/linux_Data/Managed/UnityEngine.TextCoreTextEngineModule.dll
Symbol file /home/quatih/.local/share/Steam/steamapps/common/Backpack Hero/linux_Data/Managed/UnityEngine.TextRenderingModule.pdb doesn't match image /home/quatih/.local/share/Steam/steamapps/common/Backpack Hero/linux_Data/Managed/UnityEngine.TextRenderingModule.dll
Symbol file /home/quatih/.local/share/Steam/steamapps/common/Backpack Hero/linux_Data/Managed/UnityEngine.TilemapModule.pdb doesn't match image /home/quatih/.local/share/Steam/steamapps/common/Backpack Hero/linux_Data/Managed/UnityEngine.TilemapModule.dll
Symbol file /home/quatih/.local/share/Steam/steamapps/common/Backpack Hero/linux_Data/Managed/UnityEngine.UIModule.pdb doesn't match image /home/quatih/.local/share/Steam/steamapps/common/Backpack Hero/linux_Data/Managed/UnityEngine.UIModule.dll
Symbol file /home/quatih/.local/share/Steam/steamapps/common/Backpack Hero/linux_Data/Managed/UnityEngine.UIElementsModule.pdb doesn't match image /home/quatih/.local/share/Steam/steamapps/common/Backpack Hero/linux_Data/Managed/UnityEngine.UIElementsModule.dll
Symbol file /home/quatih/.local/share/Steam/steamapps/common/Backpack Hero/linux_Data/Managed/UnityEngine.UIElementsNativeModule.pdb doesn't match image /home/quatih/.local/share/Steam/steamapps/common/Backpack Hero/linux_Data/Managed/UnityEngine.UIElementsNativeModule.dll
Symbol file /home/quatih/.local/share/Steam/steamapps/common/Backpack Hero/linux_Data/Managed/UnityEngine.UNETModule.pdb doesn't match image /home/quatih/.local/share/Steam/steamapps/common/Backpack Hero/linux_Data/Managed/UnityEngine.UNETModule.dll
Symbol file /home/quatih/.local/share/Steam/steamapps/common/Backpack Hero/linux_Data/Managed/UnityEngine.UmbraModule.pdb doesn't match image /home/quatih/.local/share/Steam/steamapps/common/Backpack Hero/linux_Data/Managed/UnityEngine.UmbraModule.dll
Symbol file /home/quatih/.local/share/Steam/steamapps/common/Backpack Hero/linux_Data/Managed/UnityEngine.UnityAnalyticsModule.pdb doesn't match image /home/quatih/.local/share/Steam/steamapps/common/Backpack Hero/linux_Data/Managed/UnityEngine.UnityAnalyticsModule.dll
Symbol file /home/quatih/.local/share/Steam/steamapps/common/Backpack Hero/linux_Data/Managed/UnityEngine.UnityAnalyticsCommonModule.pdb doesn't match image /home/quatih/.local/share/Steam/steamapps/common/Backpack Hero/linux_Data/Managed/UnityEngine.UnityAnalyticsCommonModule.dll
Symbol file /home/quatih/.local/share/Steam/steamapps/common/Backpack Hero/linux_Data/Managed/UnityEngine.UnityConnectModule.pdb doesn't match image /home/quatih/.local/share/Steam/steamapps/common/Backpack Hero/linux_Data/Managed/UnityEngine.UnityConnectModule.dll
Symbol file /home/quatih/.local/share/Steam/steamapps/common/Backpack Hero/linux_Data/Managed/UnityEngine.UnityCurlModule.pdb doesn't match image /home/quatih/.local/share/Steam/steamapps/common/Backpack Hero/linux_Data/Managed/UnityEngine.UnityCurlModule.dll
Symbol file /home/quatih/.local/share/Steam/steamapps/common/Backpack Hero/linux_Data/Managed/UnityEngine.UnityTestProtocolModule.pdb doesn't match image /home/quatih/.local/share/Steam/steamapps/common/Backpack Hero/linux_Data/Managed/UnityEngine.UnityTestProtocolModule.dll
Symbol file /home/quatih/.local/share/Steam/steamapps/common/Backpack Hero/linux_Data/Managed/UnityEngine.UnityWebRequestModule.pdb doesn't match image /home/quatih/.local/share/Steam/steamapps/common/Backpack Hero/linux_Data/Managed/UnityEngine.UnityWebRequestModule.dll
Symbol file /home/quatih/.local/share/Steam/steamapps/common/Backpack Hero/linux_Data/Managed/UnityEngine.UnityWebRequestAssetBundleModule.pdb doesn't match image /home/quatih/.local/share/Steam/steamapps/common/Backpack Hero/linux_Data/Managed/UnityEngine.UnityWebRequestAssetBundleModule.dll
Symbol file /home/quatih/.local/share/Steam/steamapps/common/Backpack Hero/linux_Data/Managed/UnityEngine.UnityWebRequestAudioModule.pdb doesn't match image /home/quatih/.local/share/Steam/steamapps/common/Backpack Hero/linux_Data/Managed/UnityEngine.UnityWebRequestAudioModule.dll
Symbol file /home/quatih/.local/share/Steam/steamapps/common/Backpack Hero/linux_Data/Managed/UnityEngine.UnityWebRequestTextureModule.pdb doesn't match image /home/quatih/.local/share/Steam/steamapps/common/Backpack Hero/linux_Data/Managed/UnityEngine.UnityWebRequestTextureModule.dll
Symbol file /home/quatih/.local/share/Steam/steamapps/common/Backpack Hero/linux_Data/Managed/UnityEngine.UnityWebRequestWWWModule.pdb doesn't match image /home/quatih/.local/share/Steam/steamapps/common/Backpack Hero/linux_Data/Managed/UnityEngine.UnityWebRequestWWWModule.dll
Symbol file /home/quatih/.local/share/Steam/steamapps/common/Backpack Hero/linux_Data/Managed/UnityEngine.VFXModule.pdb doesn't match image /home/quatih/.local/share/Steam/steamapps/common/Backpack Hero/linux_Data/Managed/UnityEngine.VFXModule.dll
Symbol file /home/quatih/.local/share/Steam/steamapps/common/Backpack Hero/linux_Data/Managed/UnityEngine.VRModule.pdb doesn't match image /home/quatih/.local/share/Steam/steamapps/common/Backpack Hero/linux_Data/Managed/UnityEngine.VRModule.dll
Symbol file /home/quatih/.local/share/Steam/steamapps/common/Backpack Hero/linux_Data/Managed/UnityEngine.VehiclesModule.pdb doesn't match image /home/quatih/.local/share/Steam/steamapps/common/Backpack Hero/linux_Data/Managed/UnityEngine.VehiclesModule.dll
Symbol file /home/quatih/.local/share/Steam/steamapps/common/Backpack Hero/linux_Data/Managed/UnityEngine.VideoModule.pdb doesn't match image /home/quatih/.local/share/Steam/steamapps/common/Backpack Hero/linux_Data/Managed/UnityEngine.VideoModule.dll
Symbol file /home/quatih/.local/share/Steam/steamapps/common/Backpack Hero/linux_Data/Managed/UnityEngine.VirtualTexturingModule.pdb doesn't match image /home/quatih/.local/share/Steam/steamapps/common/Backpack Hero/linux_Data/Managed/UnityEngine.VirtualTexturingModule.dll
Symbol file /home/quatih/.local/share/Steam/steamapps/common/Backpack Hero/linux_Data/Managed/UnityEngine.WindModule.pdb doesn't match image /home/quatih/.local/share/Steam/steamapps/common/Backpack Hero/linux_Data/Managed/UnityEngine.WindModule.dll
Symbol file /home/quatih/.local/share/Steam/steamapps/common/Backpack Hero/linux_Data/Managed/UnityEngine.XRModule.pdb doesn't match image /home/quatih/.local/share/Steam/steamapps/common/Backpack Hero/linux_Data/Managed/UnityEngine.XRModule.dll
Symbol file /home/quatih/.local/share/Steam/steamapps/common/Backpack Hero/linux_Data/Managed/Assembly-CSharp-firstpass.pdb doesn't match image /home/quatih/.local/share/Steam/steamapps/common/Backpack Hero/linux_Data/Managed/Assembly-CSharp-firstpass.dll
Symbol file /home/quatih/.local/share/Steam/steamapps/common/Backpack Hero/linux_Data/Managed/Assembly-CSharp.pdb doesn't match image /home/quatih/.local/share/Steam/steamapps/common/Backpack Hero/linux_Data/Managed/Assembly-CSharp.dll
Symbol file /home/quatih/.local/share/Steam/steamapps/common/Backpack Hero/linux_Data/Managed/Unity.InternalAPIEngineBridge.001.pdb doesn't match image /home/quatih/.local/share/Steam/steamapps/common/Backpack Hero/linux_Data/Managed/Unity.InternalAPIEngineBridge.001.dll
Symbol file /home/quatih/.local/share/Steam/steamapps/common/Backpack Hero/linux_Data/Managed/Unity.2D.PixelPerfect.pdb doesn't match image /home/quatih/.local/share/Steam/steamapps/common/Backpack Hero/linux_Data/Managed/Unity.2D.PixelPerfect.dll
Symbol file /home/quatih/.local/share/Steam/steamapps/common/Backpack Hero/linux_Data/Managed/Unity.RenderPipelines.Universal.Shaders.pdb doesn't match image /home/quatih/.local/share/Steam/steamapps/common/Backpack Hero/linux_Data/Managed/Unity.RenderPipelines.Universal.Shaders.dll
Symbol file /home/quatih/.local/share/Steam/steamapps/common/Backpack Hero/linux_Data/Managed/Unity.Services.Core.Telemetry.pdb doesn't match image /home/quatih/.local/share/Steam/steamapps/common/Backpack Hero/linux_Data/Managed/Unity.Services.Core.Telemetry.dll
Symbol file /home/quatih/.local/share/Steam/steamapps/common/Backpack Hero/linux_Data/Managed/Unity.Services.Core.Networking.pdb doesn't match image /home/quatih/.local/share/Steam/steamapps/common/Backpack Hero/linux_Data/Managed/Unity.Services.Core.Networking.dll
Symbol file /home/quatih/.local/share/Steam/steamapps/common/Backpack Hero/linux_Data/Managed/Unity.InputSystem.pdb doesn't match image /home/quatih/.local/share/Steam/steamapps/common/Backpack Hero/linux_Data/Managed/Unity.InputSystem.dll
Symbol file /home/quatih/.local/share/Steam/steamapps/common/Backpack Hero/linux_Data/Managed/Unity.RenderPipelines.Core.ShaderLibrary.pdb doesn't match image /home/quatih/.local/share/Steam/steamapps/common/Backpack Hero/linux_Data/Managed/Unity.RenderPipelines.Core.ShaderLibrary.dll
Symbol file /home/quatih/.local/share/Steam/steamapps/common/Backpack Hero/linux_Data/Managed/Unity.Services.Core.Internal.pdb doesn't match image /home/quatih/.local/share/Steam/steamapps/common/Backpack Hero/linux_Data/Managed/Unity.Services.Core.Internal.dll
Symbol file /home/quatih/.local/share/Steam/steamapps/common/Backpack Hero/linux_Data/Managed/UnityEngine.UI.pdb doesn't match image /home/quatih/.local/share/Steam/steamapps/common/Backpack Hero/linux_Data/Managed/UnityEngine.UI.dll
Symbol file /home/quatih/.local/share/Steam/steamapps/common/Backpack Hero/linux_Data/Managed/Unity.Services.Core.Configuration.pdb doesn't match image /home/quatih/.local/share/Steam/steamapps/common/Backpack Hero/linux_Data/Managed/Unity.Services.Core.Configuration.dll
Symbol file /home/quatih/.local/share/Steam/steamapps/common/Backpack Hero/linux_Data/Managed/Unity.2D.IK.Runtime.pdb doesn't match image /home/quatih/.local/share/Steam/steamapps/common/Backpack Hero/linux_Data/Managed/Unity.2D.IK.Runtime.dll
Symbol file /home/quatih/.local/share/Steam/steamapps/common/Backpack Hero/linux_Data/Managed/ES3Assembly.pdb doesn't match image /home/quatih/.local/share/Steam/steamapps/common/Backpack Hero/linux_Data/Managed/ES3Assembly.dll
Symbol file /home/quatih/.local/share/Steam/steamapps/common/Backpack Hero/linux_Data/Managed/Unity.Services.Core.Registration.pdb doesn't match image /home/quatih/.local/share/Steam/steamapps/common/Backpack Hero/linux_Data/Managed/Unity.Services.Core.Registration.dll
Symbol file /home/quatih/.local/share/Steam/steamapps/common/Backpack Hero/linux_Data/Managed/Unity.Services.Core.Environments.Internal.pdb doesn't match image /home/quatih/.local/share/Steam/steamapps/common/Backpack Hero/linux_Data/Managed/Unity.Services.Core.Environments.Internal.dll
Symbol file /home/quatih/.local/share/Steam/steamapps/common/Backpack Hero/linux_Data/Managed/Unity.RenderPipeline.Universal.ShaderLibrary.pdb doesn't match image /home/quatih/.local/share/Steam/steamapps/common/Backpack Hero/linux_Data/Managed/Unity.RenderPipeline.Universal.ShaderLibrary.dll
Symbol file /home/quatih/.local/share/Steam/steamapps/common/Backpack Hero/linux_Data/Managed/Unity.Services.Core.Threading.pdb doesn't match image /home/quatih/.local/share/Steam/steamapps/common/Backpack Hero/linux_Data/Managed/Unity.Services.Core.Threading.dll
Symbol file /home/quatih/.local/share/Steam/steamapps/common/Backpack Hero/linux_Data/Managed/Unity.2D.Tilemap.Extras.pdb doesn't match image /home/quatih/.local/share/Steam/steamapps/common/Backpack Hero/linux_Data/Managed/Unity.2D.Tilemap.Extras.dll
Symbol file /home/quatih/.local/share/Steam/steamapps/common/Backpack Hero/linux_Data/Managed/Unity.RenderPipelines.Universal.Runtime.pdb doesn't match image /home/quatih/.local/share/Steam/steamapps/common/Backpack Hero/linux_Data/Managed/Unity.RenderPipelines.Universal.Runtime.dll
Symbol file /home/quatih/.local/share/Steam/steamapps/common/Backpack Hero/linux_Data/Managed/Unity.Timeline.pdb doesn't match image /home/quatih/.local/share/Steam/steamapps/common/Backpack Hero/linux_Data/Managed/Unity.Timeline.dll
Symbol file /home/quatih/.local/share/Steam/steamapps/common/Backpack Hero/linux_Data/Managed/Unity.TextMeshPro.pdb doesn't match image /home/quatih/.local/share/Steam/steamapps/common/Backpack Hero/linux_Data/Managed/Unity.TextMeshPro.dll
Symbol file /home/quatih/.local/share/Steam/steamapps/common/Backpack Hero/linux_Data/Managed/Unity.Services.Analytics.pdb doesn't match image /home/quatih/.local/share/Steam/steamapps/common/Backpack Hero/linux_Data/Managed/Unity.Services.Analytics.dll
Symbol file /home/quatih/.local/share/Steam/steamapps/common/Backpack Hero/linux_Data/Managed/Unity.RenderPipelines.Core.Runtime.pdb doesn't match image /home/quatih/.local/share/Steam/steamapps/common/Backpack Hero/linux_Data/Managed/Unity.RenderPipelines.Core.Runtime.dll
Symbol file /home/quatih/.local/share/Steam/steamapps/common/Backpack Hero/linux_Data/Managed/SimpleAssemblies.pdb doesn't match image /home/quatih/.local/share/Steam/steamapps/common/Backpack Hero/linux_Data/Managed/SimpleAssemblies.dll
Symbol file /home/quatih/.local/share/Steam/steamapps/common/Backpack Hero/linux_Data/Managed/com.rlabrecque.steamworks.net.pdb doesn't match image /home/quatih/.local/share/Steam/steamapps/common/Backpack Hero/linux_Data/Managed/com.rlabrecque.steamworks.net.dll
Symbol file /home/quatih/.local/share/Steam/steamapps/common/Backpack Hero/linux_Data/Managed/Unity.Services.Core.pdb doesn't match image /home/quatih/.local/share/Steam/steamapps/common/Backpack Hero/linux_Data/Managed/Unity.Services.Core.dll
Symbol file /home/quatih/.local/share/Steam/steamapps/common/Backpack Hero/linux_Data/Managed/Unity.Mathematics.pdb doesn't match image /home/quatih/.local/share/Steam/steamapps/common/Backpack Hero/linux_Data/Managed/Unity.Mathematics.dll
Symbol file /home/quatih/.local/share/Steam/steamapps/common/Backpack Hero/linux_Data/Managed/Unity.Services.Core.Analytics.pdb doesn't match image /home/quatih/.local/share/Steam/steamapps/common/Backpack Hero/linux_Data/Managed/Unity.Services.Core.Analytics.dll
Symbol file /home/quatih/.local/share/Steam/steamapps/common/Backpack Hero/linux_Data/Managed/Unity.Burst.pdb doesn't match image /home/quatih/.local/share/Steam/steamapps/common/Backpack Hero/linux_Data/Managed/Unity.Burst.dll
Symbol file /home/quatih/.local/share/Steam/steamapps/common/Backpack Hero/linux_Data/Managed/AstarPathfindingProject.pdb doesn't match image /home/quatih/.local/share/Steam/steamapps/common/Backpack Hero/linux_Data/Managed/AstarPathfindingProject.dll
Symbol file /home/quatih/.local/share/Steam/steamapps/common/Backpack Hero/linux_Data/Managed/Unity.Services.Core.Environments.pdb doesn't match image /home/quatih/.local/share/Steam/steamapps/common/Backpack Hero/linux_Data/Managed/Unity.Services.Core.Environments.dll
Symbol file /home/quatih/.local/share/Steam/steamapps/common/Backpack Hero/linux_Data/Managed/Unity.2D.Animation.Runtime.pdb doesn't match image /home/quatih/.local/share/Steam/steamapps/common/Backpack Hero/linux_Data/Managed/Unity.2D.Animation.Runtime.dll
Symbol file /home/quatih/.local/share/Steam/steamapps/common/Backpack Hero/linux_Data/Managed/Unity.Services.Core.Scheduler.pdb doesn't match image /home/quatih/.local/share/Steam/steamapps/common/Backpack Hero/linux_Data/Managed/Unity.Services.Core.Scheduler.dll
Symbol file /home/quatih/.local/share/Steam/steamapps/common/Backpack Hero/linux_Data/Managed/Unity.RenderPipelines.ShaderGraph.ShaderGraphLibrary.pdb doesn't match image /home/quatih/.local/share/Steam/steamapps/common/Backpack Hero/linux_Data/Managed/Unity.RenderPipelines.ShaderGraph.ShaderGraphLibrary.dll
Symbol file /home/quatih/.local/share/Steam/steamapps/common/Backpack Hero/linux_Data/Managed/Unity.2D.Common.Runtime.pdb doesn't match image /home/quatih/.local/share/Steam/steamapps/common/Backpack Hero/linux_Data/Managed/Unity.2D.Common.Runtime.dll
Symbol file /home/quatih/.local/share/Steam/steamapps/common/Backpack Hero/linux_Data/Managed/Unity.2D.SpriteShape.Runtime.pdb doesn't match image /home/quatih/.local/share/Steam/steamapps/common/Backpack Hero/linux_Data/Managed/Unity.2D.SpriteShape.Runtime.dll
Symbol file /home/quatih/.local/share/Steam/steamapps/common/Backpack Hero/linux_Data/Managed/Unity.Services.Core.Device.pdb doesn't match image /home/quatih/.local/share/Steam/steamapps/common/Backpack Hero/linux_Data/Managed/Unity.Services.Core.Device.dll
Symbol file /home/quatih/.local/share/Steam/steamapps/common/Backpack Hero/linux_Data/Managed/Newtonsoft.Json.pdb doesn't match image /home/quatih/.local/share/Steam/steamapps/common/Backpack Hero/linux_Data/Managed/Newtonsoft.Json.dll
- Completed reload, in  0.350 seconds
Default vsync count 1
requesting resize 2560 x 1440
Using native desktop resolution 1920 x 1200
requesting fullscreen 1920 x 1200 at 0 Hz
Desktop is 1920 x 1200 @ 60 Hz
The referenced script on this Behaviour (Game Object 'Symbol') is missing!
UnloadTime: 0.819380 ms
---------------------------------------------------------
---------------------------------------------------------
Valid token: False
Twitch Manager Active
[S_API] SteamAPI_Init(): Loaded '/home/quatih/.local/share/Steam/linux64/steamclient.so' OK.
Setting breakpad minidump AppID = 1970580
SteamInternal_SetMinidumpSteamID:  Caching Steam ID:  76561198017763783 [API loaded no]
Changing real window size to 2560 x 1440
Animator.GotoState: State could not be found
Invalid Layer Index '-1'
Loaded Meta! Runs completed: 6
Loaded! Items Discovered: 467
Loading options!
Loaded regular data
Already contains keycleansing flame
At row 2966
Loaded Language File
Unloading 6 Unused Serialized files (Serialized files now loaded: 0)
UnloadTime: 8.044411 ms
Unloading 155 unused Assets to reduce memory usage. Loaded Objects now: 34943.
Total: 31.596995 ms (FindLiveObjects: 2.361020 ms CreateObjectMapping: 2.836300 ms MarkObjects: 25.893334 ms  DeleteObjects: 0.505490 ms)

File found!/home/quatih/.config/unity3d/TheJaspel/Backpack Hero/bphRun0.sav
File found!/home/quatih/.config/unity3d/TheJaspel/Backpack Hero/bphRun1.sav
File found!/home/quatih/.config/unity3d/TheJaspel/Backpack Hero/bphRun2.sav
File found!/home/quatih/.config/unity3d/TheJaspel/Backpack Hero/bphRun3.sav
File found!/home/quatih/.config/unity3d/TheJaspel/Backpack Hero/bphRun4.sav
File found!/home/quatih/.config/unity3d/TheJaspel/Backpack Hero/bphRun5.sav
File found!/home/quatih/.config/unity3d/TheJaspel/Backpack Hero/bphRun6.sav
File found!/home/quatih/.config/unity3d/TheJaspel/Backpack Hero/bphRun7.sav
File found!/home/quatih/.config/unity3d/TheJaspel/Backpack Hero/bphRun8.sav
File found!/home/quatih/.config/unity3d/TheJaspel/Backpack Hero/bphRun9.sav
Unloading 6 Unused Serialized files (Serialized files now loaded: 0)
UnloadTime: 8.537031 ms
The character used for Underline is not available in font asset [indienovaBC-Regular-12px 1 SDF].
Unloading 1657 unused Assets to reduce memory usage. Loaded Objects now: 45897.
Total: 87.334976 ms (FindLiveObjects: 3.016131 ms CreateObjectMapping: 4.787291 ms MarkObjects: 76.878283 ms  DeleteObjects: 2.652001 ms)

Run type set  - Standard
Started Load - Standard
Loaded regular data
Sprite Tiling might not appear correctly because the Sprite used is not generated with Full Rect. To fix this, change the Mesh Type in the Sprite's import setting to Full Rect
Sprite Tiling might not appear correctly because the Sprite used is not generated with Full Rect. To fix this, change the Mesh Type in the Sprite's import setting to Full Rect
Sprite Tiling might not appear correctly because the Sprite used is not generated with Full Rect. To fix this, change the Mesh Type in the Sprite's import setting to Full Rect
Sprite Tiling might not appear correctly because the Sprite used is not generated with Full Rect. To fix this, change the Mesh Type in the Sprite's import setting to Full Rect
Sprite Tiling might not appear correctly because the Sprite used is not generated with Full Rect. To fix this, change the Mesh Type in the Sprite's import setting to Full Rect
Finished Load - Hard Mode 2
removing while active item status effect
Dark Headband Variant(Clone) whileActive whileActive
removing while active item status effect
Dark Headband Variant(Clone) whileActive whileActive
removing while active item status effect
Dark Headband Variant(Clone) whileActive whileActive
removing while active item status effect
Dark Headband Variant(Clone) whileActive whileActive
removing while active item status effect
Dark Headband Variant(Clone) whileActive whileActive
removing while active item status effect
Dark Headband Variant(Clone) whileActive whileActive
removing while active item status effect
Dark Headband Variant(Clone) whileActive whileActive
removing while active item status effect
Dark Headband Variant(Clone) whileActive whileActive
removing while active item status effect
Dark Headband Variant(Clone) whileActive whileActive
removing while active item status effect
Dark Headband Variant(Clone) whileActive whileActive
removing while active item status effect
Dark Headband Variant(Clone) whileActive whileActive
removing while active item status effect
Dark Headband Variant(Clone) whileActive whileActive
removing while active item status effect
Dark Headband Variant(Clone) whileActive whileActive
removing while active item status effect
Dark Headband Variant(Clone) whileActive whileActive
removing while active item status effect
Dark Headband Variant(Clone) whileActive whileActive
removing while active item status effect
Dark Headband Variant(Clone) whileActive whileActive
removing while active item status effect
Dark Headband Variant(Clone) whileActive whileActive
removing while active item status effect
Dark Headband Variant(Clone) whileActive whileActive
removing while active item status effect
Dark Headband Variant(Clone) whileActive whileActive
removing while active item status effect
Dark Headband Variant(Clone) whileActive whileActive
removing while active item status effect
Dark Headband Variant(Clone) whileActive whileActive
removing while active item status effect
Dark Headband Variant(Clone) whileActive whileActive
removing while active item status effect
Dark Headband Variant(Clone) whileActive whileActive
removing while active item status effect
Dark Headband Variant(Clone) whileActive whileActive
removing while active item status effect
Dark Headband Variant(Clone) whileActive whileActive
removing while active item status effect
Dark Headband Variant(Clone) whileActive whileActive
removing while active item status effect
Dark Headband Variant(Clone) whileActive whileActive
removing while active item status effect
Dark Headband Variant(Clone) whileActive whileActive
removing while active item status effect
Dark Headband Variant(Clone) whileActive whileActive
removing while active item status effect
Dark Headband Variant(Clone) whileActive whileActive
Ensure Read/Write is enabled on the Particle System's Texture.
Texture 'mole' is not readable, so Compress cannot work. You can make the texture readable in the Texture Import Settings.
removing while active item status effect
Dark Headband Variant(Clone) whileActive whileActive
removing while active item status effect
Dark Headband Variant(Clone) whileActive whileActive
removing while active item status effect
Dark Headband Variant(Clone) whileActive whileActive
removing while active item status effect
Dark Headband Variant(Clone) whileActive whileActive
removing while active item status effect
Dark Headband Variant(Clone) whileActive whileActive
removing while active item status effect
Dark Headband Variant(Clone) whileActive whileActive
removing while active item status effect
Dark Headband Variant(Clone) whileActive whileActive
removing while active item status effect
Dark Headband Variant(Clone) whileActive whileActive
removing while active item status effect
Dark Headband Variant(Clone) whileActive whileActive
removing while active item status effect
Dark Headband Variant(Clone) whileActive whileActive
removing while active item status effect
Dark Headband Variant(Clone) whileActive whileActive
removing while active item status effect
Dark Headband Variant(Clone) whileActive whileActive
removing while active item status effect
Dark Headband Variant(Clone) whileActive whileActive
removing while active item status effect
Dark Headband Variant(Clone) whileActive whileActive
removing while active item status effect
Dark Headband Variant(Clone) whileActive whileActive
removing while active item status effect
Dark Headband Variant(Clone) whileActive whileActive
removing while active item status effect
Dark Headband Variant(Clone) whileActive whileActive
removing while active item status effect
Dark Headband Variant(Clone) whileActive whileActive
removing while active item status effect
Dark Headband Variant(Clone) whileActive whileActive
removing while active item status effect
Dark Headband Variant(Clone) whileActive whileActive
removing while active item status effect
Dark Headband Variant(Clone) whileActive whileActive
removing while active item status effect
Dark Headband Variant(Clone) whileActive whileActive
removing while active item status effect
Dark Headband Variant(Clone) whileActive whileActive
Ensure Read/Write is enabled on the Particle System's Texture.
Ensure Read/Write is enabled on the Particle System's Texture.
removing while active item status effect
Shoe hat Variant(Clone) whileActive whileActive
NullReferenceException: Object reference not set to an instance of an object
  at Enemy+<SetIntention>d__82.MoveNext () [0x00157] in <6aed455f1ccb45b0961974dea317cc56>:0 
  at UnityEngine.SetupCoroutine.InvokeMoveNext (System.Collections.IEnumerator enumerator, System.IntPtr returnValueAddress) [0x00026] in <6328b00c1acf464b8e65941bc42c4872>:0 
UnityEngine.MonoBehaviour:StartCoroutineManaged2(MonoBehaviour, IEnumerator)
UnityEngine.MonoBehaviour:StartCoroutine(IEnumerator)
<OnDeathEffects>d__72:MoveNext()
UnityEngine.SetupCoroutine:InvokeMoveNext(IEnumerator, IntPtr)

NullReferenceException: Object reference not set to an instance of an object
  at Enemy+<SetIntention>d__82.MoveNext () [0x00157] in <6aed455f1ccb45b0961974dea317cc56>:0 
  at UnityEngine.SetupCoroutine.InvokeMoveNext (System.Collections.IEnumerator enumerator, System.IntPtr returnValueAddress) [0x00026] in <6328b00c1acf464b8e65941bc42c4872>:0 
UnityEngine.MonoBehaviour:StartCoroutineManaged2(MonoBehaviour, IEnumerator)
UnityEngine.MonoBehaviour:StartCoroutine(IEnumerator)
<OnDeathEffects>d__72:MoveNext()
UnityEngine.SetupCoroutine:InvokeMoveNext(IEnumerator, IntPtr)

Ensure Read/Write is enabled on the Particle System's Texture.
Texture 'enemysmol' is not readable, so Compress cannot work. You can make the texture readable in the Texture Import Settings.
Ensure Read/Write is enabled on the Particle System's Texture.
Ensure Read/Write is enabled on the Particle System's Texture.
Texture 'king of rats 1 stack' is not readable, so Compress cannot work. You can make the texture readable in the Texture Import Settings.
Ensure Read/Write is enabled on the Particle System's Texture.
Ensure Read/Write is enabled on the Particle System's Texture.
NullReferenceException: Object reference not set to an instance of an object
  at Enemy+<SetIntention>d__82.MoveNext () [0x00157] in <6aed455f1ccb45b0961974dea317cc56>:0 
  at UnityEngine.SetupCoroutine.InvokeMoveNext (System.Collections.IEnumerator enumerator, System.IntPtr returnValueAddress) [0x00026] in <6328b00c1acf464b8e65941bc42c4872>:0 
UnityEngine.MonoBehaviour:StartCoroutineManaged2(MonoBehaviour, IEnumerator)
UnityEngine.MonoBehaviour:StartCoroutine(IEnumerator)
<OnDeathEffects>d__72:MoveNext()
UnityEngine.SetupCoroutine:InvokeMoveNext(IEnumerator, IntPtr)

Ensure Read/Write is enabled on the Particle System's Texture.
Ensure Read/Write is enabled on the Particle System's Texture.
Ensure Read/Write is enabled on the Particle System's Texture.
Ensure Read/Write is enabled on the Particle System's Texture.
Texture 'king of rats 2 stacks' is not readable, so Compress cannot work. You can make the texture readable in the Texture Import Settings.
NullReferenceException: Object reference not set to an instance of an object
  at Enemy+<SetIntention>d__82.MoveNext () [0x00157] in <6aed455f1ccb45b0961974dea317cc56>:0 
  at UnityEngine.SetupCoroutine.InvokeMoveNext (System.Collections.IEnumerator enumerator, System.IntPtr returnValueAddress) [0x00026] in <6328b00c1acf464b8e65941bc42c4872>:0 
UnityEngine.MonoBehaviour:StartCoroutineManaged2(MonoBehaviour, IEnumerator)
UnityEngine.MonoBehaviour:StartCoroutine(IEnumerator)
<OnDeathEffects>d__72:MoveNext()
UnityEngine.SetupCoroutine:InvokeMoveNext(IEnumerator, IntPtr)

Ensure Read/Write is enabled on the Particle System's Texture.
Ensure Read/Write is enabled on the Particle System's Texture.
Saving options regular!
Saved run typeHard Mode 2
read pixels
Encoding
Writing to persistent Data Path
write all bytese for PC
Took screenshot to at /home/quatih/.config/unity3d/TheJaspel/Backpack Hero/runScreenshot9.png
Saved!
Saved to PC/Mac/Linux!
removing while active item status effect
Shoe hat Variant(Clone) whileActive whileActive
removing while active item status effect
Shoe hat Variant(Clone) whileActive whileActive
removing while active item status effect
Shoe hat Variant(Clone) whileActive whileActive
removing while active item status effect
Shoe hat Variant(Clone) whileActive whileActive
removing while active item status effect
Shoe hat Variant(Clone) whileActive whileActive
removing while active item status effect
Shoe hat Variant(Clone) whileActive whileActive
Ensure Read/Write is enabled on the Particle System's Texture.
Texture 'badger' is not readable, so Compress cannot work. You can make the texture readable in the Texture Import Settings.
Ensure Read/Write is enabled on the Particle System's Texture.
Ensure Read/Write is enabled on the Particle System's Texture.
Ensure Read/Write is enabled on the Particle System's Texture.
NullReferenceException
  at (wrapper managed-to-native) UnityEngine.Component.get_transform(UnityEngine.Component)
  at EnergyBall+<MoveEnergyBall>d__26.MoveNext () [0x00280] in <6aed455f1ccb45b0961974dea317cc56>:0 
  at UnityEngine.SetupCoroutine.InvokeMoveNext (System.Collections.IEnumerator enumerator, System.IntPtr returnValueAddress) [0x00026] in <6328b00c1acf464b8e65941bc42c4872>:0 

Ensure Read/Write is enabled on the Particle System's Texture.
Texture 'spaces' is not readable, so Compress cannot work. You can make the texture readable in the Texture Import Settings.
Ensure Read/Write is enabled on the Particle System's Texture.
Ensure Read/Write is enabled on the Particle System's Texture.
Ensure Read/Write is enabled on the Particle System's Texture.
Ensure Read/Write is enabled on the Particle System's Texture.
Texture 'robber_raccoon' is not readable, so Compress cannot work. You can make the texture readable in the Texture Import Settings.
Ensure Read/Write is enabled on the Particle System's Texture.
Ensure Read/Write is enabled on the Particle System's Texture.
Texture 'snail 1' is not readable, so Compress cannot work. You can make the texture readable in the Texture Import Settings.
Couldn't find!
Couldn't find!
Ensure Read/Write is enabled on the Particle System's Texture.
Texture 'purple_snail' is not readable, so Compress cannot work. You can make the texture readable in the Texture Import Settings.
Ensure Read/Write is enabled on the Particle System's Texture.
NullReferenceException
  at (wrapper managed-to-native) UnityEngine.Component.get_transform(UnityEngine.Component)
  at EnergyBall+<MoveEnergyBall>d__26.MoveNext () [0x00280] in <6aed455f1ccb45b0961974dea317cc56>:0 
  at UnityEngine.SetupCoroutine.InvokeMoveNext (System.Collections.IEnumerator enumerator, System.IntPtr returnValueAddress) [0x00026] in <6328b00c1acf464b8e65941bc42c4872>:0 

Ensure Read/Write is enabled on the Particle System's Texture.
Ensure Read/Write is enabled on the Particle System's Texture.
removing while active item status effect
Rogue's Mask Variant(Clone) whileActive whileActive
Saving options regular!
Saved run typeHard Mode 2
read pixels
Encoding
Writing to persistent Data Path
write all bytese for PC
Took screenshot to at /home/quatih/.config/unity3d/TheJaspel/Backpack Hero/runScreenshot9.png
Saved!
Saved to PC/Mac/Linux!
Ensure Read/Write is enabled on the Particle System's Texture.
Texture 'boss' is not readable, so Compress cannot work. You can make the texture readable in the Texture Import Settings.
Couldn't find!
Couldn't find!
Ensure Read/Write is enabled on the Particle System's Texture.
Texture 'frankencr8' is not readable, so Compress cannot work. You can make the texture readable in the Texture Import Settings.
Ensure Read/Write is enabled on the Particle System's Texture.
Ensure Read/Write is enabled on the Particle System's Texture.
Ensure Read/Write is enabled on the Particle System's Texture.
Ensure Read/Write is enabled on the Particle System's Texture.
Ensure Read/Write is enabled on the Particle System's Texture.
Ensure Read/Write is enabled on the Particle System's Texture.
Ensure Read/Write is enabled on the Particle System's Texture.
Saving options!
Saving options regular!
Saved to PC/Mac/Linux!
Saving options regular!
Saved run typeHard Mode 2
read pixels
Encoding
Writing to persistent Data Path
write all bytese for PC
Took screenshot to at /home/quatih/.config/unity3d/TheJaspel/Backpack Hero/runScreenshot9.png
Saved!
Saved to PC/Mac/Linux!
Setting up 6 worker threads for Enlighten.
Curl error 42: Callback aborted
Memory Statistics:
[ALLOC_TEMP_TLS] TLS Allocator
  StackAllocators : 
    [ALLOC_TEMP_MAIN]
      Peak usage frame count: [2.0 KB-4.0 KB]: 202 frames, [4.0 KB-8.0 KB]: 4870 frames, [8.0 KB-16.0 KB]: 61105 frames, [16.0 KB-32.0 KB]: 13990 frames, [32.0 KB-64.0 KB]: 826 frames, [64.0 KB-128.0 KB]: 61 frames, [128.0 KB-256.0 KB]: 7394 frames, [256.0 KB-0.5 MB]: 1 frames, [4.0 MB-8.0 MB]: 3 frames
      Initial Block Size 4.0 MB
      Current Block Size 8.0 MB
      Peak Allocated Bytes 8.0 MB
      Overflow Count 9
    [ALLOC_TEMP_Loading.AsyncRead]
      Initial Block Size 64.0 KB
      Current Block Size 64.0 KB
      Peak Allocated Bytes 256 B
      Overflow Count 0
    [ALLOC_TEMP_Loading.PreloadManager]
      Initial Block Size 256.0 KB
      Current Block Size 0.5 MB
      Peak Allocated Bytes 482.1 KB
      Overflow Count 40517
    [ALLOC_TEMP_Background Job.Worker 8]
      Initial Block Size 32.0 KB
      Current Block Size 32.0 KB
      Peak Allocated Bytes 0 B
      Overflow Count 0
    [ALLOC_TEMP_Job.Worker 6]
      Initial Block Size 256.0 KB
      Current Block Size 256.0 KB
      Peak Allocated Bytes 32.2 KB
      Overflow Count 0
    [ALLOC_TEMP_Job.Worker 0]
      Initial Block Size 256.0 KB
      Current Block Size 256.0 KB
      Peak Allocated Bytes 32.0 KB
      Overflow Count 0
    [ALLOC_TEMP_Background Job.Worker 10]
      Initial Block Size 32.0 KB
      Current Block Size 32.0 KB
      Peak Allocated Bytes 0 B
      Overflow Count 0
    [ALLOC_TEMP_Background Job.Worker 9]
      Initial Block Size 32.0 KB
      Current Block Size 32.0 KB
      Peak Allocated Bytes 66 B
      Overflow Count 0
    [ALLOC_TEMP_Job.Worker 5]
      Initial Block Size 256.0 KB
      Current Block Size 256.0 KB
      Peak Allocated Bytes 32.0 KB
      Overflow Count 0
    [ALLOC_TEMP_Background Job.Worker 14]
      Initial Block Size 32.0 KB
      Current Block Size 32.0 KB
      Peak Allocated Bytes 0 B
      Overflow Count 0
    [ALLOC_TEMP_Background Job.Worker 6]
      Initial Block Size 32.0 KB
      Current Block Size 32.0 KB
      Peak Allocated Bytes 66 B
      Overflow Count 0
    [ALLOC_TEMP_Job.Worker 4]
      Initial Block Size 256.0 KB
      Current Block Size 256.0 KB
      Peak Allocated Bytes 32.5 KB
      Overflow Count 0
    [ALLOC_TEMP_Job.Worker 3]
      Initial Block Size 256.0 KB
      Current Block Size 256.0 KB
      Peak Allocated Bytes 31.8 KB
      Overflow Count 0
    [ALLOC_TEMP_Background Job.Worker 12]
      Initial Block Size 32.0 KB
      Current Block Size 32.0 KB
      Peak Allocated Bytes 66 B
      Overflow Count 0
    [ALLOC_TEMP_EnlightenWorker] x 6
      Initial Block Size 64.0 KB
      Current Block Size 64.0 KB
      Peak Allocated Bytes 0 B
      Overflow Count 0
    [ALLOC_TEMP_Background Job.Worker 15]
      Initial Block Size 32.0 KB
      Current Block Size 32.0 KB
      Peak Allocated Bytes 66 B
      Overflow Count 0
    [ALLOC_TEMP_Background Job.Worker 1]
      Initial Block Size 32.0 KB
      Current Block Size 32.0 KB
      Peak Allocated Bytes 0 B
      Overflow Count 0
    [ALLOC_TEMP_Background Job.Worker 2]
      Initial Block Size 32.0 KB
      Current Block Size 32.0 KB
      Peak Allocated Bytes 0 B
      Overflow Count 0
    [ALLOC_TEMP_Background Job.Worker 7]
      Initial Block Size 32.0 KB
      Current Block Size 32.0 KB
      Peak Allocated Bytes 0 B
      Overflow Count 0
    [ALLOC_TEMP_UnityGfxDeviceWorker]
      Initial Block Size 256.0 KB
      Current Block Size 256.0 KB
      Peak Allocated Bytes 19.6 KB
      Overflow Count 13
    [ALLOC_TEMP_AssetGarbageCollectorHelper] x 11
      Initial Block Size 64.0 KB
      Current Block Size 64.0 KB
      Peak Allocated Bytes 0 B
      Overflow Count 0
    [ALLOC_TEMP_Background Job.Worker 5]
      Initial Block Size 32.0 KB
      Current Block Size 32.0 KB
      Peak Allocated Bytes 0 B
      Overflow Count 0
    [ALLOC_TEMP_Job.Worker 9]
      Initial Block Size 256.0 KB
      Current Block Size 256.0 KB
      Peak Allocated Bytes 32.4 KB
      Overflow Count 0
    [ALLOC_TEMP_Background Job.Worker 13]
      Initial Block Size 32.0 KB
      Current Block Size 32.0 KB
      Peak Allocated Bytes 0 B
      Overflow Count 0
    [ALLOC_TEMP_Job.Worker 8]
      Initial Block Size 256.0 KB
      Current Block Size 256.0 KB
      Peak Allocated Bytes 32.3 KB
      Overflow Count 0
    [ALLOC_TEMP_Job.Worker 7]
      Initial Block Size 256.0 KB
      Current Block Size 256.0 KB
      Peak Allocated Bytes 32.3 KB
      Overflow Count 0
    [ALLOC_TEMP_Job.Worker 1]
      Initial Block Size 256.0 KB
      Current Block Size 256.0 KB
      Peak Allocated Bytes 32.3 KB
      Overflow Count 0
    [ALLOC_TEMP_Job.Worker 2]
      Initial Block Size 256.0 KB
      Current Block Size 256.0 KB
      Peak Allocated Bytes 32.2 KB
      Overflow Count 0
    [ALLOC_TEMP_Background Job.Worker 3]
      Initial Block Size 32.0 KB
      Current Block Size 32.0 KB
      Peak Allocated Bytes 66 B
      Overflow Count 0
    [ALLOC_TEMP_Background Job.Worker 11]
      Initial Block Size 32.0 KB
      Current Block Size 32.0 KB
      Peak Allocated Bytes 0 B
      Overflow Count 0
    [ALLOC_TEMP_Job.Worker 10]
      Initial Block Size 256.0 KB
      Current Block Size 256.0 KB
      Peak Allocated Bytes 32.0 KB
      Overflow Count 0
    [ALLOC_TEMP_Background Job.Worker 0]
      Initial Block Size 32.0 KB
      Current Block Size 32.0 KB
      Peak Allocated Bytes 113 B
      Overflow Count 1
    [ALLOC_TEMP_CloudJob.Worker 0]
      Initial Block Size 32.0 KB
      Current Block Size 32.0 KB
      Peak Allocated Bytes 3.2 KB
      Overflow Count 0
    [ALLOC_TEMP_Background Job.Worker 4]
      Initial Block Size 32.0 KB
      Current Block Size 32.0 KB
      Peak Allocated Bytes 0 B
      Overflow Count 0
    [ALLOC_TEMP_BatchDeleteObjects]
      Initial Block Size 64.0 KB
      Current Block Size 64.0 KB
      Peak Allocated Bytes 0 B
      Overflow Count 0
[ALLOC_DEFAULT] Dual Thread Allocator
  Peak main deferred allocation count 3991
    [ALLOC_BUCKET]
      Large Block size 4.0 MB
      Used Block count 1
      Peak Allocated bytes 4.0 MB
      Failed Allocations. Bucket layout:
        16B: 26 Subsections = 26624 buckets. Failed count: 1973144
        32B: 16 Subsections = 8192 buckets. Failed count: 260018
        48B: 28 Subsections = 9557 buckets. Failed count: 3844436
        64B: 151 Subsections = 38656 buckets. Failed count: 345744
        80B: 23 Subsections = 4710 buckets. Failed count: 128518
        96B: 4 Subsections = 682 buckets. Failed count: 155199
        112B: 4 Subsections = 585 buckets. Failed count: 58362
        128B: 4 Subsections = 512 buckets. Failed count: 122061
    [ALLOC_DEFAULT_MAIN]
      Peak usage frame count: [8.0 MB-16.0 MB]: 597 frames, [16.0 MB-32.0 MB]: 8808 frames, [32.0 MB-64.0 MB]: 79047 frames
      Requested Block Size 16.0 MB
      Peak Block count 4
      Peak Allocated memory 50.2 MB
      Peak Large allocation bytes 0 B
    [ALLOC_DEFAULT_THREAD]
      Peak usage frame count: [256.0 MB-0.50 GB]: 88452 frames
      Requested Block Size 16.0 MB
      Peak Block count 7
      Peak Allocated memory 288.2 MB
      Peak Large allocation bytes 181.5 MB
[ALLOC_TEMP_JOB_1_FRAME]
  Initial Block Size 2.0 MB
  Used Block Count 1
  Overflow Count (too large) 0
  Overflow Count (full) 0
[ALLOC_TEMP_JOB_2_FRAMES]
  Initial Block Size 2.0 MB
  Used Block Count 1
  Overflow Count (too large) 0
  Overflow Count (full) 0
[ALLOC_TEMP_JOB_4_FRAMES (JobTemp)]
  Initial Block Size 2.0 MB
  Used Block Count 4
  Overflow Count (too large) 0
  Overflow Count (full) 0
[ALLOC_TEMP_JOB_ASYNC (Background)]
  Initial Block Size 1.0 MB
  Used Block Count 21
  Overflow Count (too large) 1
  Overflow Count (full) 0
[ALLOC_GFX] Dual Thread Allocator
  Peak main deferred allocation count 31
    [ALLOC_BUCKET]
      Large Block size 4.0 MB
      Used Block count 1
      Peak Allocated bytes 4.0 MB
      Failed Allocations. Bucket layout:
        16B: 26 Subsections = 26624 buckets. Failed count: 1973144
        32B: 16 Subsections = 8192 buckets. Failed count: 260018
        48B: 28 Subsections = 9557 buckets. Failed count: 3844436
        64B: 151 Subsections = 38656 buckets. Failed count: 345744
        80B: 23 Subsections = 4710 buckets. Failed count: 128518
        96B: 4 Subsections = 682 buckets. Failed count: 155199
        112B: 4 Subsections = 585 buckets. Failed count: 58362
        128B: 4 Subsections = 512 buckets. Failed count: 122061
    [ALLOC_GFX_MAIN]
      Peak usage frame count: [64.0 KB-128.0 KB]: 392 frames, [128.0 KB-256.0 KB]: 91 frames, [256.0 KB-0.5 MB]: 23 frames, [0.5 MB-1.0 MB]: 22638 frames, [1.0 MB-2.0 MB]: 32 frames, [2.0 MB-4.0 MB]: 52490 frames, [4.0 MB-8.0 MB]: 12675 frames, [8.0 MB-16.0 MB]: 2 frames, [32.0 MB-64.0 MB]: 109 frames
      Requested Block Size 16.0 MB
      Peak Block count 3
      Peak Allocated memory 36.9 MB
      Peak Large allocation bytes 0 B
    [ALLOC_GFX_THREAD]
      Peak usage frame count: [64.0 MB-128.0 MB]: 88452 frames
      Requested Block Size 16.0 MB
      Peak Block count 1
      Peak Allocated memory 105.6 MB
      Peak Large allocation bytes 96.0 MB
[ALLOC_CACHEOBJECTS] Dual Thread Allocator
  Peak main deferred allocation count 37
    [ALLOC_BUCKET]
      Large Block size 4.0 MB
      Used Block count 1
      Peak Allocated bytes 4.0 MB
      Failed Allocations. Bucket layout:
        16B: 26 Subsections = 26624 buckets. Failed count: 1973144
        32B: 16 Subsections = 8192 buckets. Failed count: 260018
        48B: 28 Subsections = 9557 buckets. Failed count: 3844436
        64B: 151 Subsections = 38656 buckets. Failed count: 345744
        80B: 23 Subsections = 4710 buckets. Failed count: 128518
        96B: 4 Subsections = 682 buckets. Failed count: 155199
        112B: 4 Subsections = 585 buckets. Failed count: 58362
        128B: 4 Subsections = 512 buckets. Failed count: 122061
    [ALLOC_CACHEOBJECTS_MAIN]
      Peak usage frame count: [2.0 MB-4.0 MB]: 72855 frames, [4.0 MB-8.0 MB]: 15597 frames
      Requested Block Size 4.0 MB
      Peak Block count 2
      Peak Allocated memory 5.5 MB
      Peak Large allocation bytes 2.0 MB
    [ALLOC_CACHEOBJECTS_THREAD]
      Peak usage frame count: [32.0 MB-64.0 MB]: 88452 frames
      Requested Block Size 4.0 MB
      Peak Block count 10
      Peak Allocated memory 51.6 MB
      Peak Large allocation bytes 19.9 MB
[ALLOC_TYPETREE] Dual Thread Allocator
  Peak main deferred allocation count 0
    [ALLOC_BUCKET]
      Large Block size 4.0 MB
      Used Block count 1
      Peak Allocated bytes 4.0 MB
      Failed Allocations. Bucket layout:
        16B: 26 Subsections = 26624 buckets. Failed count: 1973144
        32B: 16 Subsections = 8192 buckets. Failed count: 260018
        48B: 28 Subsections = 9557 buckets. Failed count: 3844436
        64B: 151 Subsections = 38656 buckets. Failed count: 345744
        80B: 23 Subsections = 4710 buckets. Failed count: 128518
        96B: 4 Subsections = 682 buckets. Failed count: 155199
        112B: 4 Subsections = 585 buckets. Failed count: 58362
        128B: 4 Subsections = 512 buckets. Failed count: 122061
    [ALLOC_TYPETREE_MAIN]
      Peak usage frame count: [16.0 KB-32.0 KB]: 2847 frames, [32.0 KB-64.0 KB]: 85605 frames
      Requested Block Size 2.0 MB
      Peak Block count 1
      Peak Allocated memory 60.5 KB
      Peak Large allocation bytes 0 B
    [ALLOC_TYPETREE_THREAD]
      Peak usage frame count: [64.0 KB-128.0 KB]: 88452 frames
      Requested Block Size 2.0 MB
      Peak Block count 1
      Peak Allocated memory 91.8 KB
      Peak Large allocation bytes 0 B
